[2019-12-17T10:18:12.406] [INFO] bank - 启动登陆页
[2019-12-17T10:18:51.741] [INFO] bank - 用户以 ziyang 身份登陆
[2019-12-17T10:19:14.334] [INFO] bank - 用户 ziyang 尝试存入 30 元
[2019-12-17T10:19:21.064] [INFO] bank - 用户操作成功！
[2019-12-17T10:19:26.396] [INFO] bank - 用户 ziyang 尝试取出 30 元
[2019-12-17T10:19:28.820] [WARN] bank - 用户操作失败！操作被管理员拒绝
[2019-12-17T10:19:55.592] [INFO] bank - 用户 ziyang 退出登陆
[2019-12-17T10:20:01.796] [INFO] bank - 用户以 ziyang 身份登陆
[2019-12-17T10:20:02.345] [ERROR] bank - 查询余额错误！查询不到此用户信息！
[2019-12-17T10:20:04.925] [INFO] bank - 用户 ziyang 退出登陆
[2019-12-17T10:20:13.450] [INFO] bank - 用户以 ziyang 身份登陆
[2019-12-17T10:20:14.011] [ERROR] bank - 查询余额错误！Error: ER_COLUMNACCESS_DENIED_ERROR: SELECT command denied to user 'ziyang'@'localhost' for column 'currency' in table 'bank'
[2019-12-17T10:20:21.658] [INFO] bank - 用户 ziyang 退出登陆
[2019-12-17T10:20:38.951] [INFO] bank - 用户以 yi 身份登陆
[2019-12-17T10:20:42.599] [INFO] bank - 用户 yi 尝试存入 30 元
[2019-12-17T10:20:44.257] [INFO] bank - 用户操作成功！
[2019-12-17T10:21:10.455] [INFO] bank - 用户 yi 退出登陆
[2019-12-17T10:21:28.863] [INFO] bank - 用户以 ziyang 身份登陆
[2019-12-17T10:22:19.988] [INFO] bank - 尝试执行SQL：update lab3.bank set currency=900 where username='ziyang' 
[2019-12-17T10:22:20.045] [INFO] bank - 执行SQL成功！
